2018-07-16 12:35:06.262 INFO: Start to select browser name from properties file
2018-07-16 12:35:06.277 INFO: Your had select test browser type is: Chrome
2018-07-16 12:35:06.277 INFO: The test server URL is: https://test1www.longjulicai.com
2018-07-16 12:35:12.933 INFO: Launching Chrome ...
2018-07-16 12:35:16.713 INFO: Open URL: https://test1www.longjulicai.com
2018-07-16 12:35:16.717 INFO: Wait for 5 seconds.
2018-07-16 12:35:16.823 ERROR: element not visible
  (Session info: chrome=67.0.3396.99)
  (Driver info: chromedriver=2.37.544315 (730aa6a5fdba159ac9f4c1e8cbc59bf1b5ce12b7),platform=Windows NT 10.0.14393 x86_64) (WARNING: The server did not provide any stacktrace information)
Command duration or timeout: 0 milliseconds
Build info: version: '3.5.0', revision: '8def36e068', time: '2017-08-10T23:01:06.401Z'
System info: host: 'DESKTOP-TIB88CT', ip: '192.168.30.217', os.name: 'Windows 10', os.arch: 'x86', os.version: '10.0', java.version: '1.8.0_111'
Driver info: org.openqa.selenium.chrome.ChromeDriver
Capabilities [{mobileEmulationEnabled=false, hasTouchScreen=false, platform=XP, acceptSslCerts=false, acceptInsecureCerts=false, webStorageEnabled=true, browserName=chrome, takesScreenshot=true, javascriptEnabled=true, setWindowRect=true, unexpectedAlertBehaviour=, applicationCacheEnabled=false, rotatable=false, networkConnectionEnabled=false, chrome={chromedriverVersion=2.37.544315 (730aa6a5fdba159ac9f4c1e8cbc59bf1b5ce12b7), userDataDir=C:\Users\bjbpc073\AppData\Local\Temp\scoped_dir4540_6831}, takesHeapSnapshot=true, pageLoadStrategy=normal, unhandledPromptBehavior=, databaseEnabled=false, handlesAlerts=true, version=67.0.3396.99, browserConnectionEnabled=false, nativeEvents=true, locationContextEnabled=true, cssSelectorsEnabled=true}]
Session ID: 4841d4b708045d9d630b2f363de1fe65.
2018-07-16 12:35:21.842 ERROR: no such element: Unable to locate element: {"method":"xpath","selector":".//ul[@class='clearfix']/a[href = '/User/Login']"}
  (Session info: chrome=67.0.3396.99)
  (Driver info: chromedriver=2.37.544315 (730aa6a5fdba159ac9f4c1e8cbc59bf1b5ce12b7),platform=Windows NT 10.0.14393 x86_64) (WARNING: The server did not provide any stacktrace information)
Command duration or timeout: 0 milliseconds
For documentation on this error, please visit: http://seleniumhq.org/exceptions/no_such_element.html
Build info: version: '3.5.0', revision: '8def36e068', time: '2017-08-10T23:01:06.401Z'
System info: host: 'DESKTOP-TIB88CT', ip: '192.168.30.217', os.name: 'Windows 10', os.arch: 'x86', os.version: '10.0', java.version: '1.8.0_111'
Driver info: org.openqa.selenium.chrome.ChromeDriver
Capabilities [{mobileEmulationEnabled=false, hasTouchScreen=false, platform=XP, acceptSslCerts=false, acceptInsecureCerts=false, webStorageEnabled=true, browserName=chrome, takesScreenshot=true, javascriptEnabled=true, setWindowRect=true, unexpectedAlertBehaviour=, applicationCacheEnabled=false, rotatable=false, networkConnectionEnabled=false, chrome={chromedriverVersion=2.37.544315 (730aa6a5fdba159ac9f4c1e8cbc59bf1b5ce12b7), userDataDir=C:\Users\bjbpc073\AppData\Local\Temp\scoped_dir4540_6831}, takesHeapSnapshot=true, pageLoadStrategy=normal, unhandledPromptBehavior=, databaseEnabled=false, handlesAlerts=true, version=67.0.3396.99, browserConnectionEnabled=false, nativeEvents=true, locationContextEnabled=true, cssSelectorsEnabled=true}]
Session ID: 4841d4b708045d9d630b2f363de1fe65
*** Element info: {Using=xpath, value=.//ul[@class='clearfix']/a[href = '/User/Login']}.
2018-07-16 12:35:26.867 ERROR: no such element: Unable to locate element: {"method":"xpath","selector":".//ul[@class='clearfix']/a[href = '/User/Login']"}
  (Session info: chrome=67.0.3396.99)
  (Driver info: chromedriver=2.37.544315 (730aa6a5fdba159ac9f4c1e8cbc59bf1b5ce12b7),platform=Windows NT 10.0.14393 x86_64) (WARNING: The server did not provide any stacktrace information)
Command duration or timeout: 0 milliseconds
For documentation on this error, please visit: http://seleniumhq.org/exceptions/no_such_element.html
Build info: version: '3.5.0', revision: '8def36e068', time: '2017-08-10T23:01:06.401Z'
System info: host: 'DESKTOP-TIB88CT', ip: '192.168.30.217', os.name: 'Windows 10', os.arch: 'x86', os.version: '10.0', java.version: '1.8.0_111'
Driver info: org.openqa.selenium.chrome.ChromeDriver
Capabilities [{mobileEmulationEnabled=false, hasTouchScreen=false, platform=XP, acceptSslCerts=false, acceptInsecureCerts=false, webStorageEnabled=true, browserName=chrome, takesScreenshot=true, javascriptEnabled=true, setWindowRect=true, unexpectedAlertBehaviour=, applicationCacheEnabled=false, rotatable=false, networkConnectionEnabled=false, chrome={chromedriverVersion=2.37.544315 (730aa6a5fdba159ac9f4c1e8cbc59bf1b5ce12b7), userDataDir=C:\Users\bjbpc073\AppData\Local\Temp\scoped_dir4540_6831}, takesHeapSnapshot=true, pageLoadStrategy=normal, unhandledPromptBehavior=, databaseEnabled=false, handlesAlerts=true, version=67.0.3396.99, browserConnectionEnabled=false, nativeEvents=true, locationContextEnabled=true, cssSelectorsEnabled=true}]
Session ID: 4841d4b708045d9d630b2f363de1fe65
*** Element info: {Using=xpath, value=.//ul[@class='clearfix']/a[href = '/User/Login']}.
2018-07-16 12:35:26.868 INFO: 进入登录页面.............
2018-07-16 12:35:31.914 ERROR: no such element: Unable to locate element: {"method":"id","selector":"txtLoginName"}
  (Session info: chrome=67.0.3396.99)
  (Driver info: chromedriver=2.37.544315 (730aa6a5fdba159ac9f4c1e8cbc59bf1b5ce12b7),platform=Windows NT 10.0.14393 x86_64) (WARNING: The server did not provide any stacktrace information)
Command duration or timeout: 0 milliseconds
For documentation on this error, please visit: http://seleniumhq.org/exceptions/no_such_element.html
Build info: version: '3.5.0', revision: '8def36e068', time: '2017-08-10T23:01:06.401Z'
System info: host: 'DESKTOP-TIB88CT', ip: '192.168.30.217', os.name: 'Windows 10', os.arch: 'x86', os.version: '10.0', java.version: '1.8.0_111'
Driver info: org.openqa.selenium.chrome.ChromeDriver
Capabilities [{mobileEmulationEnabled=false, hasTouchScreen=false, platform=XP, acceptSslCerts=false, acceptInsecureCerts=false, webStorageEnabled=true, browserName=chrome, takesScreenshot=true, javascriptEnabled=true, setWindowRect=true, unexpectedAlertBehaviour=, applicationCacheEnabled=false, rotatable=false, networkConnectionEnabled=false, chrome={chromedriverVersion=2.37.544315 (730aa6a5fdba159ac9f4c1e8cbc59bf1b5ce12b7), userDataDir=C:\Users\bjbpc073\AppData\Local\Temp\scoped_dir4540_6831}, takesHeapSnapshot=true, pageLoadStrategy=normal, unhandledPromptBehavior=, databaseEnabled=false, handlesAlerts=true, version=67.0.3396.99, browserConnectionEnabled=false, nativeEvents=true, locationContextEnabled=true, cssSelectorsEnabled=true}]
Session ID: 4841d4b708045d9d630b2f363de1fe65
*** Element info: {Using=id, value=txtLoginName}.
2018-07-16 12:35:36.928 ERROR: no such element: Unable to locate element: {"method":"id","selector":"txtLoginName"}
  (Session info: chrome=67.0.3396.99)
  (Driver info: chromedriver=2.37.544315 (730aa6a5fdba159ac9f4c1e8cbc59bf1b5ce12b7),platform=Windows NT 10.0.14393 x86_64) (WARNING: The server did not provide any stacktrace information)
Command duration or timeout: 0 milliseconds
For documentation on this error, please visit: http://seleniumhq.org/exceptions/no_such_element.html
Build info: version: '3.5.0', revision: '8def36e068', time: '2017-08-10T23:01:06.401Z'
System info: host: 'DESKTOP-TIB88CT', ip: '192.168.30.217', os.name: 'Windows 10', os.arch: 'x86', os.version: '10.0', java.version: '1.8.0_111'
Driver info: org.openqa.selenium.chrome.ChromeDriver
Capabilities [{mobileEmulationEnabled=false, hasTouchScreen=false, platform=XP, acceptSslCerts=false, acceptInsecureCerts=false, webStorageEnabled=true, browserName=chrome, takesScreenshot=true, javascriptEnabled=true, setWindowRect=true, unexpectedAlertBehaviour=, applicationCacheEnabled=false, rotatable=false, networkConnectionEnabled=false, chrome={chromedriverVersion=2.37.544315 (730aa6a5fdba159ac9f4c1e8cbc59bf1b5ce12b7), userDataDir=C:\Users\bjbpc073\AppData\Local\Temp\scoped_dir4540_6831}, takesHeapSnapshot=true, pageLoadStrategy=normal, unhandledPromptBehavior=, databaseEnabled=false, handlesAlerts=true, version=67.0.3396.99, browserConnectionEnabled=false, nativeEvents=true, locationContextEnabled=true, cssSelectorsEnabled=true}]
Session ID: 4841d4b708045d9d630b2f363de1fe65
*** Element info: {Using=id, value=txtLoginName}.
2018-07-16 12:35:41.950 ERROR: no such element: Unable to locate element: {"method":"xpath","selector":".//button[@class='sure']"}
  (Session info: chrome=67.0.3396.99)
  (Driver info: chromedriver=2.37.544315 (730aa6a5fdba159ac9f4c1e8cbc59bf1b5ce12b7),platform=Windows NT 10.0.14393 x86_64) (WARNING: The server did not provide any stacktrace information)
Command duration or timeout: 0 milliseconds
For documentation on this error, please visit: http://seleniumhq.org/exceptions/no_such_element.html
Build info: version: '3.5.0', revision: '8def36e068', time: '2017-08-10T23:01:06.401Z'
System info: host: 'DESKTOP-TIB88CT', ip: '192.168.30.217', os.name: 'Windows 10', os.arch: 'x86', os.version: '10.0', java.version: '1.8.0_111'
Driver info: org.openqa.selenium.chrome.ChromeDriver
Capabilities [{mobileEmulationEnabled=false, hasTouchScreen=false, platform=XP, acceptSslCerts=false, acceptInsecureCerts=false, webStorageEnabled=true, browserName=chrome, takesScreenshot=true, javascriptEnabled=true, setWindowRect=true, unexpectedAlertBehaviour=, applicationCacheEnabled=false, rotatable=false, networkConnectionEnabled=false, chrome={chromedriverVersion=2.37.544315 (730aa6a5fdba159ac9f4c1e8cbc59bf1b5ce12b7), userDataDir=C:\Users\bjbpc073\AppData\Local\Temp\scoped_dir4540_6831}, takesHeapSnapshot=true, pageLoadStrategy=normal, unhandledPromptBehavior=, databaseEnabled=false, handlesAlerts=true, version=67.0.3396.99, browserConnectionEnabled=false, nativeEvents=true, locationContextEnabled=true, cssSelectorsEnabled=true}]
Session ID: 4841d4b708045d9d630b2f363de1fe65
*** Element info: {Using=xpath, value=.//button[@class='sure']}.
