2018-07-16 11:29:53.106 INFO: Start to select browser name from properties file
2018-07-16 11:29:53.107 INFO: Your had select test browser type is: Chrome
2018-07-16 11:29:53.108 INFO: The test server URL is: https://test1www.longjulicai.com
2018-07-16 11:29:56.865 INFO: Launching Chrome ...
2018-07-16 11:29:59.447 INFO: Open URL: https://test1www.longjulicai.com
2018-07-16 11:29:59.452 INFO: Wait for 5 seconds.
2018-07-16 11:29:59.578 ERROR: element not visible
  (Session info: chrome=67.0.3396.99)
  (Driver info: chromedriver=2.37.544315 (730aa6a5fdba159ac9f4c1e8cbc59bf1b5ce12b7),platform=Windows NT 10.0.14393 x86_64) (WARNING: The server did not provide any stacktrace information)
Command duration or timeout: 0 milliseconds
Build info: version: '3.5.0', revision: '8def36e068', time: '2017-08-10T23:01:06.401Z'
System info: host: 'DESKTOP-TIB88CT', ip: '192.168.30.217', os.name: 'Windows 10', os.arch: 'x86', os.version: '10.0', java.version: '1.8.0_111'
Driver info: org.openqa.selenium.chrome.ChromeDriver
Capabilities [{mobileEmulationEnabled=false, hasTouchScreen=false, platform=XP, acceptSslCerts=false, acceptInsecureCerts=false, webStorageEnabled=true, browserName=chrome, takesScreenshot=true, javascriptEnabled=true, setWindowRect=true, unexpectedAlertBehaviour=, applicationCacheEnabled=false, rotatable=false, networkConnectionEnabled=false, chrome={chromedriverVersion=2.37.544315 (730aa6a5fdba159ac9f4c1e8cbc59bf1b5ce12b7), userDataDir=C:\Users\bjbpc073\AppData\Local\Temp\scoped_dir6476_168}, takesHeapSnapshot=true, pageLoadStrategy=normal, unhandledPromptBehavior=, databaseEnabled=false, handlesAlerts=true, version=67.0.3396.99, browserConnectionEnabled=false, nativeEvents=true, locationContextEnabled=true, cssSelectorsEnabled=true}]
Session ID: 3cf31dbaf750b273dc0d4bc200476544.
2018-07-16 11:29:59.634 INFO: This Element [[ChromeDriver: chrome on XP (3cf31dbaf750b273dc0d4bc200476544)] -> link text: 登录] is present.
2018-07-16 11:29:59.726 ERROR: unknown error: Element <a href="/User/Login">...</a> is not clickable at point (1043, 28). Other element would receive the click: <iframe id="trusted_iframe" style="width: 100%; height:0px; overflow:hidden;height: 91px;" src="//trusted.shuidi.cn/?did=1129&amp;jump=0&amp;mobile=0" frameborder="false"></iframe>
  (Session info: chrome=67.0.3396.99)
  (Driver info: chromedriver=2.37.544315 (730aa6a5fdba159ac9f4c1e8cbc59bf1b5ce12b7),platform=Windows NT 10.0.14393 x86_64) (WARNING: The server did not provide any stacktrace information)
Command duration or timeout: 0 milliseconds
Build info: version: '3.5.0', revision: '8def36e068', time: '2017-08-10T23:01:06.401Z'
System info: host: 'DESKTOP-TIB88CT', ip: '192.168.30.217', os.name: 'Windows 10', os.arch: 'x86', os.version: '10.0', java.version: '1.8.0_111'
Driver info: org.openqa.selenium.chrome.ChromeDriver
Capabilities [{mobileEmulationEnabled=false, hasTouchScreen=false, platform=XP, acceptSslCerts=false, acceptInsecureCerts=false, webStorageEnabled=true, browserName=chrome, takesScreenshot=true, javascriptEnabled=true, setWindowRect=true, unexpectedAlertBehaviour=, applicationCacheEnabled=false, rotatable=false, networkConnectionEnabled=false, chrome={chromedriverVersion=2.37.544315 (730aa6a5fdba159ac9f4c1e8cbc59bf1b5ce12b7), userDataDir=C:\Users\bjbpc073\AppData\Local\Temp\scoped_dir6476_168}, takesHeapSnapshot=true, pageLoadStrategy=normal, unhandledPromptBehavior=, databaseEnabled=false, handlesAlerts=true, version=67.0.3396.99, browserConnectionEnabled=false, nativeEvents=true, locationContextEnabled=true, cssSelectorsEnabled=true}]
Session ID: 3cf31dbaf750b273dc0d4bc200476544.
2018-07-16 11:29:59.727 INFO: 进入登录页面.............
2018-07-16 11:30:04.759 ERROR: no such element: Unable to locate element: {"method":"id","selector":"txtLoginName"}
  (Session info: chrome=67.0.3396.99)
  (Driver info: chromedriver=2.37.544315 (730aa6a5fdba159ac9f4c1e8cbc59bf1b5ce12b7),platform=Windows NT 10.0.14393 x86_64) (WARNING: The server did not provide any stacktrace information)
Command duration or timeout: 0 milliseconds
For documentation on this error, please visit: http://seleniumhq.org/exceptions/no_such_element.html
Build info: version: '3.5.0', revision: '8def36e068', time: '2017-08-10T23:01:06.401Z'
System info: host: 'DESKTOP-TIB88CT', ip: '192.168.30.217', os.name: 'Windows 10', os.arch: 'x86', os.version: '10.0', java.version: '1.8.0_111'
Driver info: org.openqa.selenium.chrome.ChromeDriver
Capabilities [{mobileEmulationEnabled=false, hasTouchScreen=false, platform=XP, acceptSslCerts=false, acceptInsecureCerts=false, webStorageEnabled=true, browserName=chrome, takesScreenshot=true, javascriptEnabled=true, setWindowRect=true, unexpectedAlertBehaviour=, applicationCacheEnabled=false, rotatable=false, networkConnectionEnabled=false, chrome={chromedriverVersion=2.37.544315 (730aa6a5fdba159ac9f4c1e8cbc59bf1b5ce12b7), userDataDir=C:\Users\bjbpc073\AppData\Local\Temp\scoped_dir6476_168}, takesHeapSnapshot=true, pageLoadStrategy=normal, unhandledPromptBehavior=, databaseEnabled=false, handlesAlerts=true, version=67.0.3396.99, browserConnectionEnabled=false, nativeEvents=true, locationContextEnabled=true, cssSelectorsEnabled=true}]
Session ID: 3cf31dbaf750b273dc0d4bc200476544
*** Element info: {Using=id, value=txtLoginName}.
2018-07-16 11:30:09.772 ERROR: no such element: Unable to locate element: {"method":"id","selector":"txtLoginName"}
  (Session info: chrome=67.0.3396.99)
  (Driver info: chromedriver=2.37.544315 (730aa6a5fdba159ac9f4c1e8cbc59bf1b5ce12b7),platform=Windows NT 10.0.14393 x86_64) (WARNING: The server did not provide any stacktrace information)
Command duration or timeout: 0 milliseconds
For documentation on this error, please visit: http://seleniumhq.org/exceptions/no_such_element.html
Build info: version: '3.5.0', revision: '8def36e068', time: '2017-08-10T23:01:06.401Z'
System info: host: 'DESKTOP-TIB88CT', ip: '192.168.30.217', os.name: 'Windows 10', os.arch: 'x86', os.version: '10.0', java.version: '1.8.0_111'
Driver info: org.openqa.selenium.chrome.ChromeDriver
Capabilities [{mobileEmulationEnabled=false, hasTouchScreen=false, platform=XP, acceptSslCerts=false, acceptInsecureCerts=false, webStorageEnabled=true, browserName=chrome, takesScreenshot=true, javascriptEnabled=true, setWindowRect=true, unexpectedAlertBehaviour=, applicationCacheEnabled=false, rotatable=false, networkConnectionEnabled=false, chrome={chromedriverVersion=2.37.544315 (730aa6a5fdba159ac9f4c1e8cbc59bf1b5ce12b7), userDataDir=C:\Users\bjbpc073\AppData\Local\Temp\scoped_dir6476_168}, takesHeapSnapshot=true, pageLoadStrategy=normal, unhandledPromptBehavior=, databaseEnabled=false, handlesAlerts=true, version=67.0.3396.99, browserConnectionEnabled=false, nativeEvents=true, locationContextEnabled=true, cssSelectorsEnabled=true}]
Session ID: 3cf31dbaf750b273dc0d4bc200476544
*** Element info: {Using=id, value=txtLoginName}.
2018-07-16 11:30:14.793 ERROR: no such element: Unable to locate element: {"method":"xpath","selector":".//button[@class='sure']"}
  (Session info: chrome=67.0.3396.99)
  (Driver info: chromedriver=2.37.544315 (730aa6a5fdba159ac9f4c1e8cbc59bf1b5ce12b7),platform=Windows NT 10.0.14393 x86_64) (WARNING: The server did not provide any stacktrace information)
Command duration or timeout: 0 milliseconds
For documentation on this error, please visit: http://seleniumhq.org/exceptions/no_such_element.html
Build info: version: '3.5.0', revision: '8def36e068', time: '2017-08-10T23:01:06.401Z'
System info: host: 'DESKTOP-TIB88CT', ip: '192.168.30.217', os.name: 'Windows 10', os.arch: 'x86', os.version: '10.0', java.version: '1.8.0_111'
Driver info: org.openqa.selenium.chrome.ChromeDriver
Capabilities [{mobileEmulationEnabled=false, hasTouchScreen=false, platform=XP, acceptSslCerts=false, acceptInsecureCerts=false, webStorageEnabled=true, browserName=chrome, takesScreenshot=true, javascriptEnabled=true, setWindowRect=true, unexpectedAlertBehaviour=, applicationCacheEnabled=false, rotatable=false, networkConnectionEnabled=false, chrome={chromedriverVersion=2.37.544315 (730aa6a5fdba159ac9f4c1e8cbc59bf1b5ce12b7), userDataDir=C:\Users\bjbpc073\AppData\Local\Temp\scoped_dir6476_168}, takesHeapSnapshot=true, pageLoadStrategy=normal, unhandledPromptBehavior=, databaseEnabled=false, handlesAlerts=true, version=67.0.3396.99, browserConnectionEnabled=false, nativeEvents=true, locationContextEnabled=true, cssSelectorsEnabled=true}]
Session ID: 3cf31dbaf750b273dc0d4bc200476544
*** Element info: {Using=xpath, value=.//button[@class='sure']}.
